
Jul 07, 2019 14:57:59.45 NEW SESSION
Jul 07, 2019 14:57:59.45 [12592:13760:0707/145759.453:ERROR:connection_factory_impl.cc(413)] Failed to connect to MCS endpoint with error -105
Jul 07, 2019 14:58:23.37 [12592:13760:0707/145823.369:ERROR:connection_factory_impl.cc(413)] Failed to connect to MCS endpoint with error -105
Jul 07, 2019 14:58:31.86 [12592:16252:0707/145831.865:ERROR:account_info_fetcher.cc(59)] OnGetTokenFailure: Connection failed (-105).
Jul 07, 2019 14:58:33.19 [12592:16252:0707/145833.197:ERROR:account_info_fetcher.cc(59)] OnGetTokenFailure: Connection failed (-105).
Jul 07, 2019 14:59:06.02 [12592:13760:0707/145906.020:ERROR:connection_factory_impl.cc(413)] Failed to connect to MCS endpoint with error -105
Jul 07, 2019 15:00:31.33 [12592:13760:0707/150031.333:ERROR:connection_factory_impl.cc(413)] Failed to connect to MCS endpoint with error -105
Jul 07, 2019 15:04:08.88 [12592:16252:0707/150408.887:ERROR:gcm_channel_status_request.cc(151)] GCM channel request failed.
Jul 07, 2019 15:04:09.66 [12592:13760:0707/150409.667:ERROR:connection_factory_impl.cc(413)] Failed to connect to MCS endpoint with error -105
Jul 07, 2019 15:04:32.89 [12592:16252:0707/150432.893:ERROR:gcm_channel_status_request.cc(151)] GCM channel request failed.
Jul 07, 2019 15:05:29.25 [12592:16252:0707/150529.256:ERROR:gcm_channel_status_request.cc(151)] GCM channel request failed.
Jul 07, 2019 15:07:21.44 [12592:16252:0707/150721.445:ERROR:gcm_channel_status_request.cc(151)] GCM channel request failed.
Jul 07, 2019 17:00:39.27 [12592:16252:0707/170039.275:ERROR:CONSOLE(1)] "Refused to execute inline event handler because it violates the following Content Security Policy directive: "script-src 'strict-dynamic' 'sha256-EVjR8L4xuo0c7UNzAtLmKQoojKIjdHqYIqdanwmukFQ=' 'sha256-RuPNBCRDlU14rTJUWeNxqVMJBitEXwTmJPzLoMt7fEs=' 'sha256-YC9EJRgaR9dYl+dijW/U6uoFrb5FDreTpYwoTgNGfbc=' 'sha256-Wz4hra5DkiuVk7RuGJIGygK6BFeiHSwqDiFv7AUpjBk=' 'sha256-YnJ0Kv9P96X4+MCJu8d0U/UVQ1+JYkdPlVQ3Exh9shA=' 'sha256-V6HgSA4/YCmSdnKcHQ/7Ko62+rlF1n+TO0COkMK7SM0=' 'sha256-f3V2UCsvKFjtCioV+F2FiGILz9glItZ2PRmSfHGGhBQ='". Either the 'unsafe-inline' keyword, a hash ('sha256-...'), or a nonce ('nonce-...') is required to enable inline execution.
Jul 07, 2019 17:00:39.27 ", source: chrome-search://local-ntp/local-ntp.html (1)
Jul 07, 2019 17:18:34.73 [12592:16252:0707/171834.736:ERROR:CONSOLE(1)] "Refused to execute inline event handler because it violates the following Content Security Policy directive: "script-src 'strict-dynamic' 'sha256-EVjR8L4xuo0c7UNzAtLmKQoojKIjdHqYIqdanwmukFQ=' 'sha256-RuPNBCRDlU14rTJUWeNxqVMJBitEXwTmJPzLoMt7fEs=' 'sha256-YC9EJRgaR9dYl+dijW/U6uoFrb5FDreTpYwoTgNGfbc=' 'sha256-Wz4hra5DkiuVk7RuGJIGygK6BFeiHSwqDiFv7AUpjBk=' 'sha256-YnJ0Kv9P96X4+MCJu8d0U/UVQ1+JYkdPlVQ3Exh9shA=' 'sha256-V6HgSA4/YCmSdnKcHQ/7Ko62+rlF1n+TO0COkMK7SM0=' 'sha256-f3V2UCsvKFjtCioV+F2FiGILz9glItZ2PRmSfHGGhBQ='". Either the 'unsafe-inline' keyword, a hash ('sha256-...'), or a nonce ('nonce-...') is required to enable inline execution.
Jul 07, 2019 17:18:34.73 ", source: chrome-search://local-ntp/local-ntp.html (1)
Jul 07, 2019 17:20:29.05 [12592:16252:0707/172029.055:ERROR:CONSOLE(1)] "Refused to execute inline event handler because it violates the following Content Security Policy directive: "script-src 'strict-dynamic' 'sha256-EVjR8L4xuo0c7UNzAtLmKQoojKIjdHqYIqdanwmukFQ=' 'sha256-RuPNBCRDlU14rTJUWeNxqVMJBitEXwTmJPzLoMt7fEs=' 'sha256-YC9EJRgaR9dYl+dijW/U6uoFrb5FDreTpYwoTgNGfbc=' 'sha256-Wz4hra5DkiuVk7RuGJIGygK6BFeiHSwqDiFv7AUpjBk=' 'sha256-YnJ0Kv9P96X4+MCJu8d0U/UVQ1+JYkdPlVQ3Exh9shA=' 'sha256-V6HgSA4/YCmSdnKcHQ/7Ko62+rlF1n+TO0COkMK7SM0=' 'sha256-f3V2UCsvKFjtCioV+F2FiGILz9glItZ2PRmSfHGGhBQ='". Either the 'unsafe-inline' keyword, a hash ('sha256-...'), or a nonce ('nonce-...') is required to enable inline execution.
Jul 07, 2019 17:20:29.05 ", source: chrome-search://local-ntp/local-ntp.html (1)
Jul 07, 2019 17:40:50.42 [12592:16252:0707/174050.420:ERROR:CONSOLE(1)] "Refused to execute inline event handler because it violates the following Content Security Policy directive: "script-src 'strict-dynamic' 'sha256-EVjR8L4xuo0c7UNzAtLmKQoojKIjdHqYIqdanwmukFQ=' 'sha256-RuPNBCRDlU14rTJUWeNxqVMJBitEXwTmJPzLoMt7fEs=' 'sha256-YC9EJRgaR9dYl+dijW/U6uoFrb5FDreTpYwoTgNGfbc=' 'sha256-Wz4hra5DkiuVk7RuGJIGygK6BFeiHSwqDiFv7AUpjBk=' 'sha256-YnJ0Kv9P96X4+MCJu8d0U/UVQ1+JYkdPlVQ3Exh9shA=' 'sha256-V6HgSA4/YCmSdnKcHQ/7Ko62+rlF1n+TO0COkMK7SM0=' 'sha256-f3V2UCsvKFjtCioV+F2FiGILz9glItZ2PRmSfHGGhBQ='". Either the 'unsafe-inline' keyword, a hash ('sha256-...'), or a nonce ('nonce-...') is required to enable inline execution.
Jul 07, 2019 17:40:50.42 ", source: chrome-search://local-ntp/local-ntp.html (1)
Jul 07, 2019 19:52:11.37 [12592:16252:0707/195211.374:ERROR:CONSOLE(1)] "Refused to execute inline event handler because it violates the following Content Security Policy directive: "script-src 'strict-dynamic' 'sha256-EVjR8L4xuo0c7UNzAtLmKQoojKIjdHqYIqdanwmukFQ=' 'sha256-RuPNBCRDlU14rTJUWeNxqVMJBitEXwTmJPzLoMt7fEs=' 'sha256-YC9EJRgaR9dYl+dijW/U6uoFrb5FDreTpYwoTgNGfbc=' 'sha256-Wz4hra5DkiuVk7RuGJIGygK6BFeiHSwqDiFv7AUpjBk=' 'sha256-YnJ0Kv9P96X4+MCJu8d0U/UVQ1+JYkdPlVQ3Exh9shA=' 'sha256-V6HgSA4/YCmSdnKcHQ/7Ko62+rlF1n+TO0COkMK7SM0=' 'sha256-f3V2UCsvKFjtCioV+F2FiGILz9glItZ2PRmSfHGGhBQ='". Either the 'unsafe-inline' keyword, a hash ('sha256-...'), or a nonce ('nonce-...') is required to enable inline execution.
Jul 07, 2019 19:52:11.37 ", source: chrome-search://local-ntp/local-ntp.html (1)
Jul 07, 2019 19:56:05.72 [12592:16252:0707/195605.720:ERROR:CONSOLE(1)] "Refused to execute inline event handler because it violates the following Content Security Policy directive: "script-src 'strict-dynamic' 'sha256-EVjR8L4xuo0c7UNzAtLmKQoojKIjdHqYIqdanwmukFQ=' 'sha256-RuPNBCRDlU14rTJUWeNxqVMJBitEXwTmJPzLoMt7fEs=' 'sha256-YC9EJRgaR9dYl+dijW/U6uoFrb5FDreTpYwoTgNGfbc=' 'sha256-Wz4hra5DkiuVk7RuGJIGygK6BFeiHSwqDiFv7AUpjBk=' 'sha256-YnJ0Kv9P96X4+MCJu8d0U/UVQ1+JYkdPlVQ3Exh9shA=' 'sha256-V6HgSA4/YCmSdnKcHQ/7Ko62+rlF1n+TO0COkMK7SM0=' 'sha256-f3V2UCsvKFjtCioV+F2FiGILz9glItZ2PRmSfHGGhBQ='". Either the 'unsafe-inline' keyword, a hash ('sha256-...'), or a nonce ('nonce-...') is required to enable inline execution.
Jul 07, 2019 19:56:05.72 ", source: chrome-search://local-ntp/local-ntp.html (1)
Jul 07, 2019 21:03:53.96 [12592:13760:0707/210353.963:ERROR:connection_factory_impl.cc(413)] Failed to connect to MCS endpoint with error -21
Jul 07, 2019 21:04:15.07 [12592:13760:0707/210415.073:ERROR:connection_factory_impl.cc(413)] Failed to connect to MCS endpoint with error -105
Jul 07, 2019 21:04:35.20 [12592:16252:0707/210435.208:ERROR:gcm_channel_status_request.cc(151)] GCM channel request failed.
Jul 07, 2019 21:05:17.37 [12592:13760:0707/210517.370:ERROR:connection_factory_impl.cc(413)] Failed to connect to MCS endpoint with error -21
Jul 07, 2019 21:05:17.37 [12592:16252:0707/210517.372:ERROR:gcm_channel_status_request.cc(151)] GCM channel request failed.
Jul 08, 2019 01:39:43.72 [12592:16252:0708/013943.724:ERROR:gcm_channel_status_request.cc(151)] GCM channel request failed.
Jul 08, 2019 01:39:44.76 [12592:7124:0708/013943.906:ERROR:get_updates_processor.cc(246)] PostClientToServerMessage() failed during GetUpdates
Jul 08, 2019 01:39:45.05 [12592:13760:0708/013945.049:ERROR:connection_factory_impl.cc(413)] Failed to connect to MCS endpoint with error -21
Jul 08, 2019 01:39:47.48 [12592:7124:0708/013947.482:ERROR:get_updates_processor.cc(246)] PostClientToServerMessage() failed during GetUpdates
Jul 08, 2019 01:39:50.00 [12592:7124:0708/013950.004:ERROR:get_updates_processor.cc(246)] PostClientToServerMessage() failed during GetUpdates
Jul 08, 2019 01:39:53.02 [12592:7124:0708/013953.027:ERROR:get_updates_processor.cc(246)] PostClientToServerMessage() failed during GetUpdates
Jul 08, 2019 01:39:57.18 [12592:7124:0708/013957.185:ERROR:get_updates_processor.cc(246)] PostClientToServerMessage() failed during GetUpdates
Jul 08, 2019 07:02:07.79 [12592:16252:0708/070207.798:ERROR:gcm_channel_status_request.cc(151)] GCM channel request failed.
Jul 08, 2019 07:02:09.28 [12592:13760:0708/070209.280:ERROR:connection_factory_impl.cc(413)] Failed to connect to MCS endpoint with error -105
Jul 08, 2019 08:27:45.86 [12592:16252:0708/082745.861:ERROR:gcm_channel_status_request.cc(151)] GCM channel request failed.
Jul 08, 2019 08:27:47.00 [12592:13760:0708/082747.008:ERROR:connection_factory_impl.cc(413)] Failed to connect to MCS endpoint with error -21
Jul 08, 2019 10:45:44.50 [12592:16252:0708/104544.505:ERROR:CONSOLE(1)] "Refused to execute inline event handler because it violates the following Content Security Policy directive: "script-src 'strict-dynamic' 'sha256-EVjR8L4xuo0c7UNzAtLmKQoojKIjdHqYIqdanwmukFQ=' 'sha256-RuPNBCRDlU14rTJUWeNxqVMJBitEXwTmJPzLoMt7fEs=' 'sha256-YC9EJRgaR9dYl+dijW/U6uoFrb5FDreTpYwoTgNGfbc=' 'sha256-Wz4hra5DkiuVk7RuGJIGygK6BFeiHSwqDiFv7AUpjBk=' 'sha256-YnJ0Kv9P96X4+MCJu8d0U/UVQ1+JYkdPlVQ3Exh9shA=' 'sha256-V6HgSA4/YCmSdnKcHQ/7Ko62+rlF1n+TO0COkMK7SM0=' 'sha256-f3V2UCsvKFjtCioV+F2FiGILz9glItZ2PRmSfHGGhBQ='". Either the 'unsafe-inline' keyword, a hash ('sha256-...'), or a nonce ('nonce-...') is required to enable inline execution.
Jul 08, 2019 10:45:44.50 ", source: chrome-search://local-ntp/local-ntp.html (1)
Jul 08, 2019 12:23:50.71 [12592:16252:0708/122350.716:ERROR:gcm_channel_status_request.cc(151)] GCM channel request failed.
Jul 08, 2019 12:23:52.17 [12592:13760:0708/122352.172:ERROR:connection_factory_impl.cc(413)] Failed to connect to MCS endpoint with error -21
Jul 08, 2019 12:36:50.35 [12592:16252:0708/123650.357:ERROR:http_bridge.cc(110)] NOT IMPLEMENTED
Jul 08, 2019 12:36:50.46 [12592:13760:0708/123650.460:ERROR:browser_process_sub_thread.cc(221)] Waited 37 ms for network service
Jul 08, 2019 14:23:47.56 [18384:16740:0708/142347.567:ERROR:CONSOLE(1)] "Refused to execute inline event handler because it violates the following Content Security Policy directive: "script-src 'strict-dynamic' 'sha256-EVjR8L4xuo0c7UNzAtLmKQoojKIjdHqYIqdanwmukFQ=' 'sha256-RuPNBCRDlU14rTJUWeNxqVMJBitEXwTmJPzLoMt7fEs=' 'sha256-YC9EJRgaR9dYl+dijW/U6uoFrb5FDreTpYwoTgNGfbc=' 'sha256-Wz4hra5DkiuVk7RuGJIGygK6BFeiHSwqDiFv7AUpjBk=' 'sha256-YnJ0Kv9P96X4+MCJu8d0U/UVQ1+JYkdPlVQ3Exh9shA=' 'sha256-V6HgSA4/YCmSdnKcHQ/7Ko62+rlF1n+TO0COkMK7SM0=' 'sha256-f3V2UCsvKFjtCioV+F2FiGILz9glItZ2PRmSfHGGhBQ='". Either the 'unsafe-inline' keyword, a hash ('sha256-...'), or a nonce ('nonce-...') is required to enable inline execution.
Jul 08, 2019 14:23:47.56 ", source: chrome-search://local-ntp/local-ntp.html (1)
Jul 08, 2019 14:23:51.34 [18384:16740:0708/142351.348:ERROR:http_bridge.cc(110)] NOT IMPLEMENTED
Jul 08, 2019 14:23:51.41 [18384:3900:0708/142351.415:ERROR:browser_process_sub_thread.cc(221)] Waited 30 ms for network service
Jul 08, 2019 16:09:11.57 [10384:864:0708/160911.573:ERROR:http_bridge.cc(110)] NOT IMPLEMENTED
Jul 08, 2019 16:09:11.62 [10384:12040:0708/160911.628:ERROR:browser_process_sub_thread.cc(221)] Waited 22 ms for network service
Jul 09, 2019 02:37:02.70 [18648:16012:0709/023702.706:ERROR:gcm_channel_status_request.cc(151)] GCM channel request failed.
Jul 09, 2019 02:37:04.54 [18648:2064:0709/023704.542:ERROR:connection_factory_impl.cc(413)] Failed to connect to MCS endpoint with error -21
Jul 09, 2019 06:54:21.01 [18648:2064:0709/065421.012:ERROR:connection_factory_impl.cc(413)] Failed to connect to MCS endpoint with error -7
Jul 09, 2019 06:54:23.24 [18648:16012:0709/065423.241:ERROR:gcm_channel_status_request.cc(151)] GCM channel request failed.

Jul 09, 2019 08:17:12.31 NEW SESSION
Jul 09, 2019 08:17:12.31 [7900:6524:0709/081712.316:ERROR:cache_util_win.cc(21)] Unable to move the cache: Access is denied. (0x5)
Jul 09, 2019 08:17:12.31 [7900:6524:0709/081712.317:ERROR:cache_util.cc(141)] Unable to move cache folder C:\Users\lharrill01\AppData\Local\Google\Chrome\User Data\ShaderCache\GPUCache to C:\Users\lharrill01\AppData\Local\Google\Chrome\User Data\ShaderCache\old_GPUCache_000
Jul 09, 2019 08:17:12.32 [7900:6524:0709/081712.317:ERROR:disk_cache.cc(178)] Unable to create cache
Jul 09, 2019 08:17:12.32 [7900:6524:0709/081712.317:ERROR:shader_disk_cache.cc(623)] Shader Cache Creation failed: -2
